<?xml version="1.0" encoding="UTF-8"?>
<!-- Generated by org.testng.reporters.JUnitReportReporter -->
<testsuite hostname="BLR1-LHP-N89965" failures="0" tests="1" name="stepdefinitions.loginsteps" time="0.000" errors="0" timestamp="2023-06-28T18:37:28 IST" skipped="1">
  <testcase classname="stepdefinitions.loginsteps" name="enter_the_standard_user_and_secret_sauce" time="0.000">
    <skipped/>
  </testcase> <!-- enter_the_standard_user_and_secret_sauce -->
  <system-out/>
</testsuite> <!-- stepdefinitions.loginsteps -->
